<?xml version="1.0" encoding="UTF-8"?>
<testng-results ignored="0" total="1" passed="1" failed="0" skipped="0">
  <reporter-output>
  </reporter-output>
  <suite started-at="2026-01-03T09:42:27 SGT" name="Suite" finished-at="2026-01-03T09:42:40 SGT" duration-ms="12289">
    <groups>
    </groups>
    <test started-at="2026-01-03T09:42:27 SGT" name="MyTests" finished-at="2026-01-03T09:42:40 SGT" duration-ms="12289">
      <class name="com.codewithyong.seleniumtestng.SeleniumTestngApplicationTests">
        <test-method is-config="true" signature="LaunchBrowser()[pri:0, instance:com.codewithyong.seleniumtestng.SeleniumTestngApplicationTests@67c27493]" started-at="2026-01-03T09:42:27 SGT" name="LaunchBrowser" finished-at="2026-01-03T09:42:38 SGT" duration-ms="10356" status="PASS">
          <reporter-output>
          </reporter-output>
        </test-method> <!-- LaunchBrowser -->
        <test-method is-config="true" signature="loginHomepage()[pri:0, instance:com.codewithyong.seleniumtestng.SeleniumTestngApplicationTests@67c27493]" started-at="2026-01-03T09:42:38 SGT" name="loginHomepage" finished-at="2026-01-03T09:42:39 SGT" duration-ms="1102" status="PASS">
          <reporter-output>
          </reporter-output>
        </test-method> <!-- loginHomepage -->
        <test-method signature="verifyHomepage()[pri:0, instance:com.codewithyong.seleniumtestng.SeleniumTestngApplicationTests@67c27493]" started-at="2026-01-03T09:42:39 SGT" name="verifyHomepage" finished-at="2026-01-03T09:42:39 SGT" duration-ms="615" status="PASS">
          <reporter-output>
          </reporter-output>
        </test-method> <!-- verifyHomepage -->
        <test-method is-config="true" signature="closeBrowser()[pri:0, instance:com.codewithyong.seleniumtestng.SeleniumTestngApplicationTests@67c27493]" started-at="2026-01-03T09:42:39 SGT" name="closeBrowser" finished-at="2026-01-03T09:42:40 SGT" duration-ms="156" status="PASS">
          <reporter-output>
          </reporter-output>
        </test-method> <!-- closeBrowser -->
      </class> <!-- com.codewithyong.seleniumtestng.SeleniumTestngApplicationTests -->
    </test> <!-- MyTests -->
  </suite> <!-- Suite -->
</testng-results>
