<?xml version="1.0" encoding="UTF-8"?>
<!-- Generated by org.testng.reporters.JUnitReportReporter -->
<testsuite hostname="LAPTOP-6JF1N1T5" failures="0" tests="1" name="com.codewithyong.seleniumtestng.SeleniumTestngApplicationTests" time="1.717" errors="0" timestamp="2026-01-03T09:42:40 SGT" skipped="0">
  <testcase classname="com.codewithyong.seleniumtestng.SeleniumTestngApplicationTests" name="verifyHomepage" time="1.717"/>
</testsuite> <!-- com.codewithyong.seleniumtestng.SeleniumTestngApplicationTests -->
